1: O 1: started
2: O 2: started
4: O 1: going to queue
3: O 3: started
6: O 2: going to queue
5: H 1: started
7: O 3: going to queue
9: H 1: going to queue
10: H 1: creating molecule 1
8: H 2: started
11: H 3: started
12: H 2: going to queue
13: H 2: creating molecule 1
14: O 1: creating molecule 1
16: H 3: going to queue
15: H 4: started
17: H 5: started
18: H 1: molecule 1 created
19: H 2: molecule 1 created
20: H 4: going to queue
21: O 1: molecule 1 created
22: H 5: going to queue
23: H 4: creating molecule 2
24: H 3: creating molecule 2
25: O 2: creating molecule 2
26: H 4: molecule 2 created
27: H 3: molecule 2 created
28: O 2: molecule 2 created
29: H 5: not enough O or H
30: O 3: not enough H
